<?xml version="1.0" encoding="UTF-8"?>
<testng-results ignored="0" total="1" passed="1" failed="0" skipped="0">
  <reporter-output>
  </reporter-output>
  <suite started-at="2023-01-15T01:51:14 IST" name="Default suite" finished-at="2023-01-15T01:51:30 IST" duration-ms="16424">
    <groups>
    </groups>
    <test started-at="2023-01-15T01:51:14 IST" name="Default test" finished-at="2023-01-15T01:51:30 IST" duration-ms="16424">
      <class name="com.agilecrm.login.LoginTest">
        <test-method is-config="true" signature="setUp()[pri:0, instance:com.agilecrm.login.LoginTest@6c1a5b54]" started-at="2023-01-15T01:51:14 IST" name="setUp" finished-at="2023-01-15T01:51:23 IST" duration-ms="8816" status="PASS">
          <reporter-output>
          </reporter-output>
        </test-method> <!-- setUp -->
        <test-method signature="SignIn()[pri:0, instance:com.agilecrm.login.LoginTest@6c1a5b54]" started-at="2023-01-15T01:51:23 IST" name="SignIn" finished-at="2023-01-15T01:51:30 IST" duration-ms="7542" status="PASS">
          <reporter-output>
          </reporter-output>
        </test-method> <!-- SignIn -->
      </class> <!-- com.agilecrm.login.LoginTest -->
    </test> <!-- Default test -->
  </suite> <!-- Default suite -->
</testng-results>
